<?xml version="1.0" encoding="UTF-8" ?>
<testsuite tests="3" failures="0" name="com.autopark.app.database.DatabaseWorkerTest" time="0.236" errors="0" skipped="0">
  <properties>
[...]
</properties>
  <testcase classname="com.autopark.app.database.DatabaseWorkerTest" name="getBusNameById" time="0.234"/>
  <testcase classname="com.autopark.app.database.DatabaseWorkerTest" name="getRouteNameById" time="0.001"/>
  <testcase classname="com.autopark.app.database.DatabaseWorkerTest" name="getDriverNameById" time="0.001"/>
</testsuite>